{"numTotalTestSuites":5,"numPassedTestSuites":5,"numFailedTestSuites":0,"numPendingTestSuites":0,"numTotalTests":5,"numPassedTests":5,"numFailedTests":0,"numPendingTests":0,"numTodoTests":0,"snapshot":{"added":0,"failure":false,"filesAdded":0,"filesRemoved":0,"filesRemovedList":[],"filesUnmatched":0,"filesUpdated":0,"matched":0,"total":0,"unchecked":0,"uncheckedKeysByFile":[],"unmatched":0,"updated":0,"didUpdate":false},"startTime":1775106473260,"success":true,"testResults":[{"assertionResults":[{"ancestorTitles":["SyncEngine","constructor"],"fullName":"SyncEngine constructor initializes with correct default values","status":"passed","title":"initializes with correct default values","duration":9.250900000000001,"failureMessages":[],"meta":{},"tags":[]},{"ancestorTitles":["SyncEngine","loadSource re-entrancy"],"fullName":"SyncEngine loadSource re-entrancy prevents re-entrant calls via _isLoadingSource flag","status":"passed","title":"prevents re-entrant calls via _isLoadingSource flag","duration":4.849199999999655,"failureMessages":[],"meta":{},"tags":[]},{"ancestorTitles":["SyncEngine","loadSource re-entrancy"],"fullName":"SyncEngine loadSource re-entrancy skips when _justAppliedPending is true","status":"passed","title":"skips when _justAppliedPending is true","duration":2.568399999999201,"failureMessages":[],"meta":{},"tags":[]},{"ancestorTitles":["SyncEngine","loadSource re-entrancy"],"fullName":"SyncEngine loadSource re-entrancy skips when same source and player already exists","status":"passed","title":"skips when same source and player already exists","duration":2.1106999999992695,"failureMessages":[],"meta":{},"tags":[]},{"ancestorTitles":["SyncEngine","cleanup"],"fullName":"SyncEngine cleanup resets state flags","status":"passed","title":"resets state flags","duration":3.052099999999882,"failureMessages":[],"meta":{},"tags":[]}],"startTime":1775106477768,"endTime":1775106477792.052,"status":"passed","message":"","name":"D:/ViewCrew/client/tests/SyncEngine.test.js"}]}